<?xml version="1.0" encoding="UTF-8"?>
<!-- Generated by org.testng.reporters.JUnitReportReporter -->
<testsuite hostname="DESKTOP-J4CJ0I3" failures="0" tests="2" name="TestCase.TestCase3_GoogleLogin" time="5.029" errors="0" timestamp="2024-04-11T19:59:39 IST" skipped="0">
  <testcase classname="TestCase.TestCase3_GoogleLogin" name="verifyLoginPage" time="2.516"/>
  <testcase classname="TestCase.TestCase3_GoogleLogin" name="verifyLoginPage" time="2.513"/>
</testsuite> <!-- TestCase.TestCase3_GoogleLogin -->
