<?xml version="1.0" encoding="UTF-8"?>
<!-- Generated by org.testng.reporters.JUnitReportReporter -->
<testsuite hostname="DESKTOP-J4CJ0I3" failures="0" tests="4" name="TestCase.TestCase1_UpcomingBikeDetails" time="35.923" errors="0" timestamp="2024-04-11T19:59:39 IST" skipped="0">
  <testcase classname="TestCase.TestCase1_UpcomingBikeDetails" name="clickUpcomingBikes" time="12.177"/>
  <testcase classname="TestCase.TestCase1_UpcomingBikeDetails" name="clickNewBikes" time="5.986"/>
  <testcase classname="TestCase.TestCase1_UpcomingBikeDetails" name="clickUpcomingBikes" time="12.323"/>
  <testcase classname="TestCase.TestCase1_UpcomingBikeDetails" name="clickNewBikes" time="5.437"/>
</testsuite> <!-- TestCase.TestCase1_UpcomingBikeDetails -->
