<?xml version="1.0" encoding="UTF-8"?>
<!-- Generated by org.testng.reporters.JUnitReportReporter -->
<testsuite hostname="DESKTOP-J4CJ0I3" failures="0" tests="2" name="TestCase.TestCase4_GoogleSignup" time="24.979" errors="0" timestamp="2024-04-11T19:59:39 IST" skipped="0">
  <testcase classname="TestCase.TestCase4_GoogleSignup" name="verifyLoginPage" time="7.696"/>
  <testcase classname="TestCase.TestCase4_GoogleSignup" name="verifyLoginPage" time="17.283"/>
</testsuite> <!-- TestCase.TestCase4_GoogleSignup -->
